<?xml version="1.0" encoding="UTF-8"?>
<testsuite name="models.SquadTest" tests="1" skipped="0" failures="0" errors="0" timestamp="2021-12-13T06:05:02" hostname="fiona-ThinkPad-T460s" time="0.004">
  <properties/>
  <testcase name="findReturnsCorrectHeroWhenMoreThanOneHeroExists" classname="models.SquadTest" time="0.004"/>
  <system-out><![CDATA[]]></system-out>
  <system-err><![CDATA[]]></system-err>
</testsuite>
