<?xml version="1.0" encoding="UTF-8"?>
<testsuite name="models.SquadTest" tests="6" skipped="0" failures="0" errors="0" timestamp="2021-12-13T10:17:22" hostname="fiona-ThinkPad-T460s" time="0.03">
  <properties/>
  <testcase name="NewSquadObjectGetsCorrectlyCreated_true" classname="models.SquadTest" time="0.01"/>
  <testcase name="findReturnsCorrectSquadWhenMoreThanOneSquadExists" classname="models.SquadTest" time="0.0"/>
  <testcase name="AllSquadAreCorrectlyReturned_true" classname="models.SquadTest" time="0.006"/>
  <testcase name="SquadInstantiatesWithContent_true" classname="models.SquadTest" time="0.0"/>
  <testcase name="AllSquadsContainsAllSquads_true" classname="models.SquadTest" time="0.0"/>
  <testcase name="getId_squadInstantiateWithAnID_1" classname="models.SquadTest" time="0.001"/>
  <system-out><![CDATA[]]></system-out>
  <system-err><![CDATA[]]></system-err>
</testsuite>
